[INFO] [2017-05-16 18:23:25][com.unicom.chanyi.startAdvisor.AdvisorController]test
[INFO] [2017-05-16 18:23:32][com.unicom.chanyi.advisor.CollectThread]{mem={memShared=873728, memBuffer=2814392, memTotalReal=131464304, memAvailReal=35689004, memCached=63337308, memAvailSwap=10783112, memTotalFree=46472116, memTotalSwap=13421564}, cpu={ssCpuRawSystem=319573377, ssCpuRawWait=22395509, ssCpuRawKernel=0, ssCpuIdle=98, ssCpuRawIdle=3868707712, ssCpuSystem=0, ssCpuRawInterrupt=0, ssCpuUser=0, ssCpuRawUser=183591352, ssCpuRawNice=57669}}
[INFO] [2017-05-16 18:23:32][com.unicom.chanyi.advisor.CollectThread]{disk={dskAvail=205693448, dskUsed=56424952, dskTotal=262118400, dskPercent=22, dskIndex=1, dskPath=/, dskDevice=/dev/mapper/VolGroup00-LogVol01}}
[INFO] [2017-05-16 18:23:33][com.unicom.chanyi.advisor.CollectThread]{disk={dskAvail=205693448, dskUsed=56424952, dskTotal=262118400, dskPercent=22, dskIndex=2, dskPath=/, dskDevice=/dev/mapper/VolGroup00-LogVol01}}
[INFO] [2017-05-16 18:23:33][com.unicom.chanyi.advisor.CollectThread]{disk={dskAvail=2147483647, dskUsed=14013500, dskTotal=2147483647, dskPercent=1, dskIndex=3, dskPath=/cbss, dskDevice=/dev/mapper/datavg-lv01}}
[INFO] [2017-05-16 18:23:33][com.unicom.chanyi.advisor.CollectThread]{disk={dskAvail=739436000, dskUsed=80663480, dskTotal=864012080, dskPercent=9, dskIndex=4, dskPath=/var/lib/docker, dskDevice=/dev/mapper/dockervg-lv002}}
[INFO] [2017-05-16 18:23:33][com.unicom.chanyi.advisor.CollectThread]{disk={dskAvail=2147483647, dskUsed=102897464, dskTotal=2147483647, dskPercent=1, dskIndex=5, dskPath=/log, dskDevice=/dev/mapper/logvg-lv_log}}
[INFO] [2017-05-16 18:23:33][com.unicom.chanyi.advisor.CollectThread]{network={ifOutOctets=1010565781, ifInUcastPkts=39127710, ifOutUcastPkts=39127710, ifInOctets=1010565781, ifDescr=lo}}
[INFO] [2017-05-16 18:23:33][com.unicom.chanyi.advisor.CollectThread]{network={ifOutOctets=0, ifInUcastPkts=0, ifOutUcastPkts=0, ifInOctets=0, ifDescr=enp129s0f0}}
[INFO] [2017-05-16 18:23:33][com.unicom.chanyi.advisor.CollectThread]{network={ifOutOctets=0, ifInUcastPkts=0, ifOutUcastPkts=0, ifInOctets=0, ifDescr=enp129s0f1}}
[INFO] [2017-05-16 18:23:33][com.unicom.chanyi.advisor.CollectThread]{network={ifOutOctets=2220481595, ifInUcastPkts=3544174507, ifOutUcastPkts=4038117657, ifInOctets=2831226419, ifDescr=enp2s0f0}}
[INFO] [2017-05-16 18:23:33][com.unicom.chanyi.advisor.CollectThread]{network={ifOutOctets=0, ifInUcastPkts=144826597, ifOutUcastPkts=0, ifInOctets=2862589909, ifDescr=enp2s0f1}}
[INFO] [2017-05-16 18:23:33][com.unicom.chanyi.advisor.CollectThread]-------------------
[INFO] [2017-05-16 18:23:38][com.unicom.chanyi.advisor.CollectThread]{mem={memShared=873728, memBuffer=2814392, memTotalReal=131464304, memAvailReal=35689888, memCached=63337252, memAvailSwap=10783532, memTotalFree=46473420, memTotalSwap=13421564}, cpu={ssCpuRawSystem=319573386, ssCpuRawWait=22395510, ssCpuRawKernel=0, ssCpuIdle=98, ssCpuRawIdle=3868719625, ssCpuSystem=0, ssCpuRawInterrupt=0, ssCpuUser=0, ssCpuRawUser=183591425, ssCpuRawNice=57669}}
[INFO] [2017-05-16 18:23:38][com.unicom.chanyi.advisor.CollectThread]{disk={dskAvail=205693444, dskUsed=56424956, dskTotal=262118400, dskPercent=22, dskIndex=1, dskPath=/, dskDevice=/dev/mapper/VolGroup00-LogVol01}}
[INFO] [2017-05-16 18:23:38][com.unicom.chanyi.advisor.CollectThread]{disk={dskAvail=205693444, dskUsed=56424956, dskTotal=262118400, dskPercent=22, dskIndex=2, dskPath=/, dskDevice=/dev/mapper/VolGroup00-LogVol01}}
[INFO] [2017-05-16 18:23:38][com.unicom.chanyi.advisor.CollectThread]{disk={dskAvail=2147483647, dskUsed=14013500, dskTotal=2147483647, dskPercent=1, dskIndex=3, dskPath=/cbss, dskDevice=/dev/mapper/datavg-lv01}}
[INFO] [2017-05-16 18:23:38][com.unicom.chanyi.advisor.CollectThread]{disk={dskAvail=739436000, dskUsed=80663480, dskTotal=864012080, dskPercent=9, dskIndex=4, dskPath=/var/lib/docker, dskDevice=/dev/mapper/dockervg-lv002}}
[INFO] [2017-05-16 18:23:38][com.unicom.chanyi.advisor.CollectThread]{disk={dskAvail=2147483647, dskUsed=102897464, dskTotal=2147483647, dskPercent=1, dskIndex=5, dskPath=/log, dskDevice=/dev/mapper/logvg-lv_log}}
[INFO] [2017-05-16 18:23:38][com.unicom.chanyi.advisor.CollectThread]{network={ifOutOctets=1010565781, ifInUcastPkts=39127710, ifOutUcastPkts=39127710, ifInOctets=1010565781, ifDescr=lo}}
[INFO] [2017-05-16 18:23:39][com.unicom.chanyi.advisor.CollectThread]{network={ifOutOctets=0, ifInUcastPkts=0, ifOutUcastPkts=0, ifInOctets=0, ifDescr=enp129s0f0}}
[INFO] [2017-05-16 18:23:39][com.unicom.chanyi.advisor.CollectThread]{network={ifOutOctets=0, ifInUcastPkts=0, ifOutUcastPkts=0, ifInOctets=0, ifDescr=enp129s0f1}}
[INFO] [2017-05-16 18:23:39][com.unicom.chanyi.advisor.CollectThread]{network={ifOutOctets=2220496218, ifInUcastPkts=3544174724, ifOutUcastPkts=4038117749, ifInOctets=2831256676, ifDescr=enp2s0f0}}
[INFO] [2017-05-16 18:23:39][com.unicom.chanyi.advisor.CollectThread]{network={ifOutOctets=0, ifInUcastPkts=144826727, ifOutUcastPkts=0, ifInOctets=2862603415, ifDescr=enp2s0f1}}
[INFO] [2017-05-16 18:23:39][com.unicom.chanyi.advisor.CollectThread]-------------------
[INFO] [2017-05-16 18:23:44][com.unicom.chanyi.advisor.CollectThread]{mem={memShared=873728, memBuffer=2814392, memTotalReal=131464304, memAvailReal=35688088, memCached=63337336, memAvailSwap=10778876, memTotalFree=46466964, memTotalSwap=13421564}, cpu={ssCpuRawSystem=319573394, ssCpuRawWait=22395510, ssCpuRawKernel=0, ssCpuIdle=98, ssCpuRawIdle=3868731596, ssCpuSystem=0, ssCpuRawInterrupt=0, ssCpuUser=0, ssCpuRawUser=183591443, ssCpuRawNice=57669}}
[INFO] [2017-05-16 18:23:44][com.unicom.chanyi.advisor.CollectThread]{disk={dskAvail=205693440, dskUsed=56424960, dskTotal=262118400, dskPercent=22, dskIndex=1, dskPath=/, dskDevice=/dev/mapper/VolGroup00-LogVol01}}
[INFO] [2017-05-16 18:23:44][com.unicom.chanyi.advisor.CollectThread]{disk={dskAvail=205693440, dskUsed=56424960, dskTotal=262118400, dskPercent=22, dskIndex=2, dskPath=/, dskDevice=/dev/mapper/VolGroup00-LogVol01}}
[INFO] [2017-05-16 18:23:44][com.unicom.chanyi.advisor.CollectThread]{disk={dskAvail=2147483647, dskUsed=14013500, dskTotal=2147483647, dskPercent=1, dskIndex=3, dskPath=/cbss, dskDevice=/dev/mapper/datavg-lv01}}
[INFO] [2017-05-16 18:23:44][com.unicom.chanyi.advisor.CollectThread]{disk={dskAvail=739435996, dskUsed=80663484, dskTotal=864012080, dskPercent=9, dskIndex=4, dskPath=/var/lib/docker, dskDevice=/dev/mapper/dockervg-lv002}}
[INFO] [2017-05-16 18:23:44][com.unicom.chanyi.advisor.CollectThread]{disk={dskAvail=2147483647, dskUsed=102897464, dskTotal=2147483647, dskPercent=1, dskIndex=5, dskPath=/log, dskDevice=/dev/mapper/logvg-lv_log}}
[INFO] [2017-05-16 18:23:44][com.unicom.chanyi.advisor.CollectThread]{network={ifOutOctets=1010566698, ifInUcastPkts=39127724, ifOutUcastPkts=39127724, ifInOctets=1010566698, ifDescr=lo}}
[INFO] [2017-05-16 18:23:44][com.unicom.chanyi.advisor.CollectThread]{network={ifOutOctets=0, ifInUcastPkts=0, ifOutUcastPkts=0, ifInOctets=0, ifDescr=enp129s0f0}}
[INFO] [2017-05-16 18:23:44][com.unicom.chanyi.advisor.CollectThread]{network={ifOutOctets=0, ifInUcastPkts=0, ifOutUcastPkts=0, ifInOctets=0, ifDescr=enp129s0f1}}
[INFO] [2017-05-16 18:23:44][com.unicom.chanyi.advisor.CollectThread]{network={ifOutOctets=2220517534, ifInUcastPkts=3544175040, ifOutUcastPkts=4038117926, ifInOctets=2831289995, ifDescr=enp2s0f0}}
[INFO] [2017-05-16 18:23:44][com.unicom.chanyi.advisor.CollectThread]{network={ifOutOctets=0, ifInUcastPkts=144826882, ifOutUcastPkts=0, ifInOctets=2862613885, ifDescr=enp2s0f1}}
[INFO] [2017-05-16 18:23:44][com.unicom.chanyi.advisor.CollectThread]-------------------
[INFO] [2017-05-16 18:23:49][com.unicom.chanyi.advisor.CollectThread]{mem={memShared=873728, memBuffer=2814392, memTotalReal=131464304, memAvailReal=35689384, memCached=63337384, memAvailSwap=10779328, memTotalFree=46468712, memTotalSwap=13421564}, cpu={ssCpuRawSystem=319573402, ssCpuRawWait=22395510, ssCpuRawKernel=0, ssCpuIdle=99, ssCpuRawIdle=3868743578, ssCpuSystem=0, ssCpuRawInterrupt=0, ssCpuUser=0, ssCpuRawUser=183591451, ssCpuRawNice=57669}}
[INFO] [2017-05-16 18:23:49][com.unicom.chanyi.advisor.CollectThread]{disk={dskAvail=205693436, dskUsed=56424964, dskTotal=262118400, dskPercent=22, dskIndex=1, dskPath=/, dskDevice=/dev/mapper/VolGroup00-LogVol01}}
[INFO] [2017-05-16 18:23:50][com.unicom.chanyi.advisor.CollectThread]{disk={dskAvail=205693436, dskUsed=56424964, dskTotal=262118400, dskPercent=22, dskIndex=2, dskPath=/, dskDevice=/dev/mapper/VolGroup00-LogVol01}}
[INFO] [2017-05-16 18:23:50][com.unicom.chanyi.advisor.CollectThread]{disk={dskAvail=2147483647, dskUsed=14013500, dskTotal=2147483647, dskPercent=1, dskIndex=3, dskPath=/cbss, dskDevice=/dev/mapper/datavg-lv01}}
[INFO] [2017-05-16 18:23:50][com.unicom.chanyi.advisor.CollectThread]{disk={dskAvail=739435992, dskUsed=80663488, dskTotal=864012080, dskPercent=9, dskIndex=4, dskPath=/var/lib/docker, dskDevice=/dev/mapper/dockervg-lv002}}
[INFO] [2017-05-16 18:23:50][com.unicom.chanyi.advisor.CollectThread]{disk={dskAvail=2147483647, dskUsed=102897464, dskTotal=2147483647, dskPercent=1, dskIndex=5, dskPath=/log, dskDevice=/dev/mapper/logvg-lv_log}}
[INFO] [2017-05-16 18:23:50][com.unicom.chanyi.advisor.CollectThread]{network={ifOutOctets=1010566802, ifInUcastPkts=39127726, ifOutUcastPkts=39127726, ifInOctets=1010566802, ifDescr=lo}}
[INFO] [2017-05-16 18:23:50][com.unicom.chanyi.advisor.CollectThread]{network={ifOutOctets=0, ifInUcastPkts=0, ifOutUcastPkts=0, ifInOctets=0, ifDescr=enp129s0f0}}
[INFO] [2017-05-16 18:23:50][com.unicom.chanyi.advisor.CollectThread]{network={ifOutOctets=0, ifInUcastPkts=0, ifOutUcastPkts=0, ifInOctets=0, ifDescr=enp129s0f1}}
[INFO] [2017-05-16 18:23:50][com.unicom.chanyi.advisor.CollectThread]{network={ifOutOctets=2220561308, ifInUcastPkts=3544178400, ifOutUcastPkts=4038118407, ifInOctets=2835990670, ifDescr=enp2s0f0}}
[INFO] [2017-05-16 18:23:50][com.unicom.chanyi.advisor.CollectThread]{network={ifOutOctets=0, ifInUcastPkts=144827016, ifOutUcastPkts=0, ifInOctets=2862623312, ifDescr=enp2s0f1}}
[INFO] [2017-05-16 18:23:50][com.unicom.chanyi.advisor.CollectThread]-------------------
[INFO] [2017-05-16 18:23:55][com.unicom.chanyi.advisor.CollectThread]{mem={memShared=873728, memBuffer=2814392, memTotalReal=131464304, memAvailReal=35690624, memCached=63337704, memAvailSwap=10779764, memTotalFree=46470388, memTotalSwap=13421564}, cpu={ssCpuRawSystem=319573411, ssCpuRawWait=22395510, ssCpuRawKernel=0, ssCpuIdle=99, ssCpuRawIdle=3868755540, ssCpuSystem=0, ssCpuRawInterrupt=0, ssCpuUser=0, ssCpuRawUser=183591476, ssCpuRawNice=57669}}
[INFO] [2017-05-16 18:23:55][com.unicom.chanyi.advisor.CollectThread]{disk={dskAvail=205692408, dskUsed=56425992, dskTotal=262118400, dskPercent=22, dskIndex=1, dskPath=/, dskDevice=/dev/mapper/VolGroup00-LogVol01}}
[INFO] [2017-05-16 18:23:55][com.unicom.chanyi.advisor.CollectThread]{disk={dskAvail=205692408, dskUsed=56425992, dskTotal=262118400, dskPercent=22, dskIndex=2, dskPath=/, dskDevice=/dev/mapper/VolGroup00-LogVol01}}
[INFO] [2017-05-16 18:23:55][com.unicom.chanyi.advisor.CollectThread]{disk={dskAvail=2147483647, dskUsed=14013500, dskTotal=2147483647, dskPercent=1, dskIndex=3, dskPath=/cbss, dskDevice=/dev/mapper/datavg-lv01}}
[INFO] [2017-05-16 18:23:55][com.unicom.chanyi.advisor.CollectThread]{disk={dskAvail=739435992, dskUsed=80663488, dskTotal=864012080, dskPercent=9, dskIndex=4, dskPath=/var/lib/docker, dskDevice=/dev/mapper/dockervg-lv002}}
[INFO] [2017-05-16 18:23:55][com.unicom.chanyi.advisor.CollectThread]{disk={dskAvail=2147483647, dskUsed=102897464, dskTotal=2147483647, dskPercent=1, dskIndex=5, dskPath=/log, dskDevice=/dev/mapper/logvg-lv_log}}
[INFO] [2017-05-16 18:23:55][com.unicom.chanyi.advisor.CollectThread]{network={ifOutOctets=1010566906, ifInUcastPkts=39127728, ifOutUcastPkts=39127728, ifInOctets=1010566906, ifDescr=lo}}
[INFO] [2017-05-16 18:23:55][com.unicom.chanyi.advisor.CollectThread]{network={ifOutOctets=0, ifInUcastPkts=0, ifOutUcastPkts=0, ifInOctets=0, ifDescr=enp129s0f0}}
[INFO] [2017-05-16 18:23:56][com.unicom.chanyi.advisor.CollectThread]{network={ifOutOctets=0, ifInUcastPkts=0, ifOutUcastPkts=0, ifInOctets=0, ifDescr=enp129s0f1}}
[INFO] [2017-05-16 18:23:56][com.unicom.chanyi.advisor.CollectThread]{network={ifOutOctets=2220580434, ifInUcastPkts=3544178692, ifOutUcastPkts=4038118525, ifInOctets=2836027781, ifDescr=enp2s0f0}}
[INFO] [2017-05-16 18:23:56][com.unicom.chanyi.advisor.CollectThread]{network={ifOutOctets=0, ifInUcastPkts=144827194, ifOutUcastPkts=0, ifInOctets=2862639011, ifDescr=enp2s0f1}}
[INFO] [2017-05-16 18:23:56][com.unicom.chanyi.advisor.CollectThread]-------------------
[INFO] [2017-05-16 18:24:01][com.unicom.chanyi.advisor.CollectThread]{mem={memShared=873728, memBuffer=2814392, memTotalReal=131464304, memAvailReal=35690908, memCached=63337696, memAvailSwap=10780128, memTotalFree=46471036, memTotalSwap=13421564}, cpu={ssCpuRawSystem=319573421, ssCpuRawWait=22395510, ssCpuRawKernel=0, ssCpuIdle=99, ssCpuRawIdle=3868767510, ssCpuSystem=0, ssCpuRawInterrupt=0, ssCpuUser=0, ssCpuRawUser=183591497, ssCpuRawNice=57669}}
[INFO] [2017-05-16 18:24:01][com.unicom.chanyi.advisor.CollectThread]{disk={dskAvail=205692400, dskUsed=56426000, dskTotal=262118400, dskPercent=22, dskIndex=1, dskPath=/, dskDevice=/dev/mapper/VolGroup00-LogVol01}}
[INFO] [2017-05-16 18:24:01][com.unicom.chanyi.advisor.CollectThread]{disk={dskAvail=205692400, dskUsed=56426000, dskTotal=262118400, dskPercent=22, dskIndex=2, dskPath=/, dskDevice=/dev/mapper/VolGroup00-LogVol01}}
[INFO] [2017-05-16 18:24:01][com.unicom.chanyi.advisor.CollectThread]{disk={dskAvail=2147483647, dskUsed=14013500, dskTotal=2147483647, dskPercent=1, dskIndex=3, dskPath=/cbss, dskDevice=/dev/mapper/datavg-lv01}}
[INFO] [2017-05-16 18:24:01][com.unicom.chanyi.advisor.CollectThread]{disk={dskAvail=739435988, dskUsed=80663492, dskTotal=864012080, dskPercent=9, dskIndex=4, dskPath=/var/lib/docker, dskDevice=/dev/mapper/dockervg-lv002}}
[INFO] [2017-05-16 18:24:01][com.unicom.chanyi.advisor.CollectThread]{disk={dskAvail=2147483647, dskUsed=102897464, dskTotal=2147483647, dskPercent=1, dskIndex=5, dskPath=/log, dskDevice=/dev/mapper/logvg-lv_log}}
[INFO] [2017-05-16 18:24:01][com.unicom.chanyi.advisor.CollectThread]{network={ifOutOctets=1010567530, ifInUcastPkts=39127740, ifOutUcastPkts=39127740, ifInOctets=1010567530, ifDescr=lo}}
[INFO] [2017-05-16 18:24:01][com.unicom.chanyi.advisor.CollectThread]{network={ifOutOctets=0, ifInUcastPkts=0, ifOutUcastPkts=0, ifInOctets=0, ifDescr=enp129s0f0}}
[INFO] [2017-05-16 18:24:01][com.unicom.chanyi.advisor.CollectThread]{network={ifOutOctets=0, ifInUcastPkts=0, ifOutUcastPkts=0, ifInOctets=0, ifDescr=enp129s0f1}}
[INFO] [2017-05-16 18:24:01][com.unicom.chanyi.advisor.CollectThread]{network={ifOutOctets=2220603340, ifInUcastPkts=3544179121, ifOutUcastPkts=4038118689, ifInOctets=2836082636, ifDescr=enp2s0f0}}
[INFO] [2017-05-16 18:24:01][com.unicom.chanyi.advisor.CollectThread]{network={ifOutOctets=0, ifInUcastPkts=144827466, ifOutUcastPkts=0, ifInOctets=2862669723, ifDescr=enp2s0f1}}
[INFO] [2017-05-16 18:24:01][com.unicom.chanyi.advisor.CollectThread]-------------------
[INFO] [2017-05-16 18:25:51][com.unicom.chanyi.startAdvisor.AdvisorController]test
[INFO] [2017-05-16 18:25:57][com.unicom.chanyi.advisor.CollectThread]{mem={memShared=873728, memBuffer=2814392, memTotalReal=131464304, memAvailReal=35678916, memCached=63340044, memAvailSwap=10778736, memTotalFree=46457652, memTotalSwap=13421564}, cpu={ssCpuRawSystem=319573670, ssCpuRawWait=22395513, ssCpuRawKernel=0, ssCpuIdle=99, ssCpuRawIdle=3869042413, ssCpuSystem=0, ssCpuRawInterrupt=0, ssCpuUser=0, ssCpuRawUser=183592274, ssCpuRawNice=57669}}
[INFO] [2017-05-16 18:25:57][com.unicom.chanyi.advisor.CollectThread]{disk={dskAvail=205689972, dskUsed=56428428, dskTotal=262118400, dskPercent=22, dskIndex=1, dskPath=/, dskDevice=/dev/mapper/VolGroup00-LogVol01}}
[INFO] [2017-05-16 18:25:57][com.unicom.chanyi.advisor.CollectThread]{disk={dskAvail=205689972, dskUsed=56428428, dskTotal=262118400, dskPercent=22, dskIndex=2, dskPath=/, dskDevice=/dev/mapper/VolGroup00-LogVol01}}
[INFO] [2017-05-16 18:25:57][com.unicom.chanyi.advisor.CollectThread]{disk={dskAvail=2147483647, dskUsed=14013500, dskTotal=2147483647, dskPercent=1, dskIndex=3, dskPath=/cbss, dskDevice=/dev/mapper/datavg-lv01}}
[INFO] [2017-05-16 18:25:57][com.unicom.chanyi.advisor.CollectThread]{disk={dskAvail=739435912, dskUsed=80663568, dskTotal=864012080, dskPercent=9, dskIndex=4, dskPath=/var/lib/docker, dskDevice=/dev/mapper/dockervg-lv002}}
[INFO] [2017-05-16 18:25:57][com.unicom.chanyi.advisor.CollectThread]{disk={dskAvail=2147483647, dskUsed=102897464, dskTotal=2147483647, dskPercent=1, dskIndex=5, dskPath=/log, dskDevice=/dev/mapper/logvg-lv_log}}
[INFO] [2017-05-16 18:25:57][com.unicom.chanyi.advisor.CollectThread]{network={ifOutOctets=1010575195, ifInUcastPkts=39127842, ifOutUcastPkts=39127842, ifInOctets=1010575195, ifDescr=lo}}
[INFO] [2017-05-16 18:25:57][com.unicom.chanyi.advisor.CollectThread]{network={ifOutOctets=0, ifInUcastPkts=0, ifOutUcastPkts=0, ifInOctets=0, ifDescr=enp129s0f0}}
[INFO] [2017-05-16 18:25:57][com.unicom.chanyi.advisor.CollectThread]{network={ifOutOctets=0, ifInUcastPkts=0, ifOutUcastPkts=0, ifInOctets=0, ifDescr=enp129s0f1}}
[INFO] [2017-05-16 18:25:57][com.unicom.chanyi.advisor.CollectThread]{network={ifOutOctets=2224053580, ifInUcastPkts=3544202660, ifOutUcastPkts=4038124193, ifInOctets=2858647656, ifDescr=enp2s0f0}}
[INFO] [2017-05-16 18:25:57][com.unicom.chanyi.advisor.CollectThread]{network={ifOutOctets=0, ifInUcastPkts=144834603, ifOutUcastPkts=0, ifInOctets=2864493397, ifDescr=enp2s0f1}}
[INFO] [2017-05-16 18:25:57][com.unicom.chanyi.advisor.CollectThread]-------------------
[INFO] [2017-05-16 18:26:02][com.unicom.chanyi.advisor.CollectThread]{mem={memShared=873728, memBuffer=2814392, memTotalReal=131464304, memAvailReal=35678704, memCached=63340020, memAvailSwap=10779248, memTotalFree=46457952, memTotalSwap=13421564}, cpu={ssCpuRawSystem=319573690, ssCpuRawWait=22395513, ssCpuRawKernel=0, ssCpuIdle=99, ssCpuRawIdle=3869066355, ssCpuSystem=0, ssCpuRawInterrupt=0, ssCpuUser=0, ssCpuRawUser=183592303, ssCpuRawNice=57669}}
[INFO] [2017-05-16 18:26:03][com.unicom.chanyi.advisor.CollectThread]{disk={dskAvail=205689968, dskUsed=56428432, dskTotal=262118400, dskPercent=22, dskIndex=1, dskPath=/, dskDevice=/dev/mapper/VolGroup00-LogVol01}}
[INFO] [2017-05-16 18:26:03][com.unicom.chanyi.advisor.CollectThread]{disk={dskAvail=205689968, dskUsed=56428432, dskTotal=262118400, dskPercent=22, dskIndex=2, dskPath=/, dskDevice=/dev/mapper/VolGroup00-LogVol01}}
[INFO] [2017-05-16 18:26:03][com.unicom.chanyi.advisor.CollectThread]{disk={dskAvail=2147483647, dskUsed=14013500, dskTotal=2147483647, dskPercent=1, dskIndex=3, dskPath=/cbss, dskDevice=/dev/mapper/datavg-lv01}}
[INFO] [2017-05-16 18:26:03][com.unicom.chanyi.advisor.CollectThread]{disk={dskAvail=739435912, dskUsed=80663568, dskTotal=864012080, dskPercent=9, dskIndex=4, dskPath=/var/lib/docker, dskDevice=/dev/mapper/dockervg-lv002}}
[INFO] [2017-05-16 18:26:03][com.unicom.chanyi.advisor.CollectThread]{disk={dskAvail=2147483647, dskUsed=102897492, dskTotal=2147483647, dskPercent=1, dskIndex=5, dskPath=/log, dskDevice=/dev/mapper/logvg-lv_log}}
[INFO] [2017-05-16 18:26:03][com.unicom.chanyi.advisor.CollectThread]{network={ifOutOctets=1010575819, ifInUcastPkts=39127854, ifOutUcastPkts=39127854, ifInOctets=1010575819, ifDescr=lo}}
[INFO] [2017-05-16 18:26:03][com.unicom.chanyi.advisor.CollectThread]{network={ifOutOctets=0, ifInUcastPkts=0, ifOutUcastPkts=0, ifInOctets=0, ifDescr=enp129s0f0}}
[INFO] [2017-05-16 18:26:03][com.unicom.chanyi.advisor.CollectThread]{network={ifOutOctets=0, ifInUcastPkts=0, ifOutUcastPkts=0, ifInOctets=0, ifDescr=enp129s0f1}}
[INFO] [2017-05-16 18:26:03][com.unicom.chanyi.advisor.CollectThread]{network={ifOutOctets=2224082706, ifInUcastPkts=3544203057, ifOutUcastPkts=4038124381, ifInOctets=2858701539, ifDescr=enp2s0f0}}
[INFO] [2017-05-16 18:26:03][com.unicom.chanyi.advisor.CollectThread]{network={ifOutOctets=0, ifInUcastPkts=144834821, ifOutUcastPkts=0, ifInOctets=2864520843, ifDescr=enp2s0f1}}
[INFO] [2017-05-16 18:26:03][com.unicom.chanyi.advisor.CollectThread]-------------------
[INFO] [2017-05-16 18:26:08][com.unicom.chanyi.advisor.CollectThread]{mem={memShared=873728, memBuffer=2814392, memTotalReal=131464304, memAvailReal=35679072, memCached=63340112, memAvailSwap=10779660, memTotalFree=46458732, memTotalSwap=13421564}, cpu={ssCpuRawSystem=319573702, ssCpuRawWait=22395513, ssCpuRawKernel=0, ssCpuIdle=99, ssCpuRawIdle=3869078330, ssCpuSystem=0, ssCpuRawInterrupt=0, ssCpuUser=0, ssCpuRawUser=183592312, ssCpuRawNice=57669}}
[INFO] [2017-05-16 18:26:08][com.unicom.chanyi.advisor.CollectThread]{disk={dskAvail=205689964, dskUsed=56428436, dskTotal=262118400, dskPercent=22, dskIndex=1, dskPath=/, dskDevice=/dev/mapper/VolGroup00-LogVol01}}
[INFO] [2017-05-16 18:26:08][com.unicom.chanyi.advisor.CollectThread]{disk={dskAvail=205689964, dskUsed=56428436, dskTotal=262118400, dskPercent=22, dskIndex=2, dskPath=/, dskDevice=/dev/mapper/VolGroup00-LogVol01}}
[INFO] [2017-05-16 18:26:08][com.unicom.chanyi.advisor.CollectThread]{disk={dskAvail=2147483647, dskUsed=14013500, dskTotal=2147483647, dskPercent=1, dskIndex=3, dskPath=/cbss, dskDevice=/dev/mapper/datavg-lv01}}
[INFO] [2017-05-16 18:26:08][com.unicom.chanyi.advisor.CollectThread]{disk={dskAvail=739435908, dskUsed=80663572, dskTotal=864012080, dskPercent=9, dskIndex=4, dskPath=/var/lib/docker, dskDevice=/dev/mapper/dockervg-lv002}}
[INFO] [2017-05-16 18:26:08][com.unicom.chanyi.advisor.CollectThread]{disk={dskAvail=2147483647, dskUsed=102897492, dskTotal=2147483647, dskPercent=1, dskIndex=5, dskPath=/log, dskDevice=/dev/mapper/logvg-lv_log}}
[INFO] [2017-05-16 18:26:09][com.unicom.chanyi.advisor.CollectThread]{network={ifOutOctets=1010576112, ifInUcastPkts=39127856, ifOutUcastPkts=39127856, ifInOctets=1010576112, ifDescr=lo}}
[INFO] [2017-05-16 18:26:09][com.unicom.chanyi.advisor.CollectThread]{network={ifOutOctets=0, ifInUcastPkts=0, ifOutUcastPkts=0, ifInOctets=0, ifDescr=enp129s0f0}}
[INFO] [2017-05-16 18:26:09][com.unicom.chanyi.advisor.CollectThread]{network={ifOutOctets=0, ifInUcastPkts=0, ifOutUcastPkts=0, ifInOctets=0, ifDescr=enp129s0f1}}
[INFO] [2017-05-16 18:26:09][com.unicom.chanyi.advisor.CollectThread]{network={ifOutOctets=2224097960, ifInUcastPkts=3544203299, ifOutUcastPkts=4038124471, ifInOctets=2858730082, ifDescr=enp2s0f0}}
[INFO] [2017-05-16 18:26:09][com.unicom.chanyi.advisor.CollectThread]{network={ifOutOctets=0, ifInUcastPkts=144834983, ifOutUcastPkts=0, ifInOctets=2864531819, ifDescr=enp2s0f1}}
[INFO] [2017-05-16 18:26:09][com.unicom.chanyi.advisor.CollectThread]-------------------
[INFO] [2017-05-16 18:26:14][com.unicom.chanyi.advisor.CollectThread]{mem={memShared=873728, memBuffer=2814392, memTotalReal=131464304, memAvailReal=35679816, memCached=63340356, memAvailSwap=10779976, memTotalFree=46459792, memTotalSwap=13421564}, cpu={ssCpuRawSystem=319573711, ssCpuRawWait=22395513, ssCpuRawKernel=0, ssCpuIdle=99, ssCpuRawIdle=3869090279, ssCpuSystem=0, ssCpuRawInterrupt=0, ssCpuUser=0, ssCpuRawUser=183592349, ssCpuRawNice=57669}}
[INFO] [2017-05-16 18:26:14][com.unicom.chanyi.advisor.CollectThread]{disk={dskAvail=205689960, dskUsed=56428440, dskTotal=262118400, dskPercent=22, dskIndex=1, dskPath=/, dskDevice=/dev/mapper/VolGroup00-LogVol01}}
[INFO] [2017-05-16 18:26:14][com.unicom.chanyi.advisor.CollectThread]{disk={dskAvail=205689960, dskUsed=56428440, dskTotal=262118400, dskPercent=22, dskIndex=2, dskPath=/, dskDevice=/dev/mapper/VolGroup00-LogVol01}}
[INFO] [2017-05-16 18:26:14][com.unicom.chanyi.advisor.CollectThread]{disk={dskAvail=2147483647, dskUsed=14013500, dskTotal=2147483647, dskPercent=1, dskIndex=3, dskPath=/cbss, dskDevice=/dev/mapper/datavg-lv01}}
[INFO] [2017-05-16 18:26:14][com.unicom.chanyi.advisor.CollectThread]{disk={dskAvail=739435908, dskUsed=80663572, dskTotal=864012080, dskPercent=9, dskIndex=4, dskPath=/var/lib/docker, dskDevice=/dev/mapper/dockervg-lv002}}
[INFO] [2017-05-16 18:26:14][com.unicom.chanyi.advisor.CollectThread]{disk={dskAvail=2147483647, dskUsed=102897492, dskTotal=2147483647, dskPercent=1, dskIndex=5, dskPath=/log, dskDevice=/dev/mapper/logvg-lv_log}}
[INFO] [2017-05-16 18:26:14][com.unicom.chanyi.advisor.CollectThread]{network={ifOutOctets=1010576320, ifInUcastPkts=39127860, ifOutUcastPkts=39127860, ifInOctets=1010576320, ifDescr=lo}}
[INFO] [2017-05-16 18:26:14][com.unicom.chanyi.advisor.CollectThread]{network={ifOutOctets=0, ifInUcastPkts=0, ifOutUcastPkts=0, ifInOctets=0, ifDescr=enp129s0f0}}
[INFO] [2017-05-16 18:26:14][com.unicom.chanyi.advisor.CollectThread]{network={ifOutOctets=0, ifInUcastPkts=0, ifOutUcastPkts=0, ifInOctets=0, ifDescr=enp129s0f1}}
[INFO] [2017-05-16 18:26:14][com.unicom.chanyi.advisor.CollectThread]{network={ifOutOctets=2224146843, ifInUcastPkts=3544207376, ifOutUcastPkts=4038125029, ifInOctets=2864214770, ifDescr=enp2s0f0}}
[INFO] [2017-05-16 18:26:14][com.unicom.chanyi.advisor.CollectThread]{network={ifOutOctets=0, ifInUcastPkts=144835128, ifOutUcastPkts=0, ifInOctets=2864541715, ifDescr=enp2s0f1}}
[INFO] [2017-05-16 18:26:14][com.unicom.chanyi.advisor.CollectThread]-------------------
[INFO] [2017-05-16 18:26:20][com.unicom.chanyi.advisor.CollectThread]{mem={memShared=873732, memBuffer=2814392, memTotalReal=131464304, memAvailReal=35680108, memCached=63340860, memAvailSwap=10780464, memTotalFree=46460572, memTotalSwap=13421564}, cpu={ssCpuRawSystem=319573724, ssCpuRawWait=22395513, ssCpuRawKernel=0, ssCpuIdle=99, ssCpuRawIdle=3869102118, ssCpuSystem=0, ssCpuRawInterrupt=0, ssCpuUser=0, ssCpuRawUser=183592492, ssCpuRawNice=57669}}
[INFO] [2017-05-16 18:26:20][com.unicom.chanyi.advisor.CollectThread]{disk={dskAvail=205689956, dskUsed=56428444, dskTotal=262118400, dskPercent=22, dskIndex=1, dskPath=/, dskDevice=/dev/mapper/VolGroup00-LogVol01}}
[INFO] [2017-05-16 18:26:20][com.unicom.chanyi.advisor.CollectThread]{disk={dskAvail=205689956, dskUsed=56428444, dskTotal=262118400, dskPercent=22, dskIndex=2, dskPath=/, dskDevice=/dev/mapper/VolGroup00-LogVol01}}
[INFO] [2017-05-16 18:26:20][com.unicom.chanyi.advisor.CollectThread]{disk={dskAvail=2147483647, dskUsed=14013500, dskTotal=2147483647, dskPercent=1, dskIndex=3, dskPath=/cbss, dskDevice=/dev/mapper/datavg-lv01}}
[INFO] [2017-05-16 18:26:20][com.unicom.chanyi.advisor.CollectThread]{disk={dskAvail=739435904, dskUsed=80663576, dskTotal=864012080, dskPercent=9, dskIndex=4, dskPath=/var/lib/docker, dskDevice=/dev/mapper/dockervg-lv002}}
[INFO] [2017-05-16 18:26:20][com.unicom.chanyi.advisor.CollectThread]{disk={dskAvail=2147483647, dskUsed=102897492, dskTotal=2147483647, dskPercent=1, dskIndex=5, dskPath=/log, dskDevice=/dev/mapper/logvg-lv_log}}
[INFO] [2017-05-16 18:26:20][com.unicom.chanyi.advisor.CollectThread]{network={ifOutOctets=1010576528, ifInUcastPkts=39127864, ifOutUcastPkts=39127864, ifInOctets=1010576528, ifDescr=lo}}
[INFO] [2017-05-16 18:26:20][com.unicom.chanyi.advisor.CollectThread]{network={ifOutOctets=0, ifInUcastPkts=0, ifOutUcastPkts=0, ifInOctets=0, ifDescr=enp129s0f0}}
[INFO] [2017-05-16 18:26:20][com.unicom.chanyi.advisor.CollectThread]{network={ifOutOctets=0, ifInUcastPkts=0, ifOutUcastPkts=0, ifInOctets=0, ifDescr=enp129s0f1}}
[INFO] [2017-05-16 18:26:20][com.unicom.chanyi.advisor.CollectThread]{network={ifOutOctets=2224166202, ifInUcastPkts=3544207650, ifOutUcastPkts=4038125174, ifInOctets=2864244525, ifDescr=enp2s0f0}}
[INFO] [2017-05-16 18:26:20][com.unicom.chanyi.advisor.CollectThread]{network={ifOutOctets=0, ifInUcastPkts=144835263, ifOutUcastPkts=0, ifInOctets=2864550951, ifDescr=enp2s0f1}}
[INFO] [2017-05-16 18:26:20][com.unicom.chanyi.advisor.CollectThread]-------------------
[INFO] [2017-05-16 18:26:25][com.unicom.chanyi.advisor.CollectThread]{mem={memShared=873732, memBuffer=2814392, memTotalReal=131464304, memAvailReal=35680536, memCached=63340912, memAvailSwap=10780856, memTotalFree=46461392, memTotalSwap=13421564}, cpu={ssCpuRawSystem=319573733, ssCpuRawWait=22395514, ssCpuRawKernel=0, ssCpuIdle=99, ssCpuRawIdle=3869114088, ssCpuSystem=0, ssCpuRawInterrupt=0, ssCpuUser=0, ssCpuRawUser=183592510, ssCpuRawNice=57669}}
[INFO] [2017-05-16 18:26:25][com.unicom.chanyi.advisor.CollectThread]{disk={dskAvail=205689952, dskUsed=56428448, dskTotal=262118400, dskPercent=22, dskIndex=1, dskPath=/, dskDevice=/dev/mapper/VolGroup00-LogVol01}}
[INFO] [2017-05-16 18:26:25][com.unicom.chanyi.advisor.CollectThread]{disk={dskAvail=205689952, dskUsed=56428448, dskTotal=262118400, dskPercent=22, dskIndex=2, dskPath=/, dskDevice=/dev/mapper/VolGroup00-LogVol01}}
[INFO] [2017-05-16 18:26:25][com.unicom.chanyi.advisor.CollectThread]{disk={dskAvail=2147483647, dskUsed=14013500, dskTotal=2147483647, dskPercent=1, dskIndex=3, dskPath=/cbss, dskDevice=/dev/mapper/datavg-lv01}}
[INFO] [2017-05-16 18:26:25][com.unicom.chanyi.advisor.CollectThread]{disk={dskAvail=739435900, dskUsed=80663580, dskTotal=864012080, dskPercent=9, dskIndex=4, dskPath=/var/lib/docker, dskDevice=/dev/mapper/dockervg-lv002}}
[INFO] [2017-05-16 18:26:25][com.unicom.chanyi.advisor.CollectThread]{disk={dskAvail=2147483647, dskUsed=102897360, dskTotal=2147483647, dskPercent=1, dskIndex=5, dskPath=/log, dskDevice=/dev/mapper/logvg-lv_log}}
[INFO] [2017-05-16 18:26:26][com.unicom.chanyi.advisor.CollectThread]{network={ifOutOctets=1010577237, ifInUcastPkts=39127874, ifOutUcastPkts=39127874, ifInOctets=1010577237, ifDescr=lo}}
[INFO] [2017-05-16 18:26:26][com.unicom.chanyi.advisor.CollectThread]{network={ifOutOctets=0, ifInUcastPkts=0, ifOutUcastPkts=0, ifInOctets=0, ifDescr=enp129s0f0}}
[INFO] [2017-05-16 18:26:26][com.unicom.chanyi.advisor.CollectThread]{network={ifOutOctets=0, ifInUcastPkts=0, ifOutUcastPkts=0, ifInOctets=0, ifDescr=enp129s0f1}}
[INFO] [2017-05-16 18:26:26][com.unicom.chanyi.advisor.CollectThread]{network={ifOutOctets=2224184961, ifInUcastPkts=3544207882, ifOutUcastPkts=4038125283, ifInOctets=2864272732, ifDescr=enp2s0f0}}
[INFO] [2017-05-16 18:26:26][com.unicom.chanyi.advisor.CollectThread]{network={ifOutOctets=0, ifInUcastPkts=144835390, ifOutUcastPkts=0, ifInOctets=2864560100, ifDescr=enp2s0f1}}
[INFO] [2017-05-16 18:26:26][com.unicom.chanyi.advisor.CollectThread]-------------------
[INFO] [2017-05-16 18:26:31][com.unicom.chanyi.advisor.CollectThread]{mem={memShared=873732, memBuffer=2814392, memTotalReal=131464304, memAvailReal=35672768, memCached=63340896, memAvailSwap=10781232, memTotalFree=46454000, memTotalSwap=13421564}, cpu={ssCpuRawSystem=319573748, ssCpuRawWait=22395514, ssCpuRawKernel=0, ssCpuIdle=99, ssCpuRawIdle=3869126023, ssCpuSystem=0, ssCpuRawInterrupt=0, ssCpuUser=0, ssCpuRawUser=183592551, ssCpuRawNice=57669}}
[INFO] [2017-05-16 18:26:31][com.unicom.chanyi.advisor.CollectThread]{disk={dskAvail=205689948, dskUsed=56428452, dskTotal=262118400, dskPercent=22, dskIndex=1, dskPath=/, dskDevice=/dev/mapper/VolGroup00-LogVol01}}
[INFO] [2017-05-16 18:26:31][com.unicom.chanyi.advisor.CollectThread]{disk={dskAvail=205689948, dskUsed=56428452, dskTotal=262118400, dskPercent=22, dskIndex=2, dskPath=/, dskDevice=/dev/mapper/VolGroup00-LogVol01}}
[INFO] [2017-05-16 18:26:31][com.unicom.chanyi.advisor.CollectThread]{disk={dskAvail=2147483647, dskUsed=14013500, dskTotal=2147483647, dskPercent=1, dskIndex=3, dskPath=/cbss, dskDevice=/dev/mapper/datavg-lv01}}
[INFO] [2017-05-16 18:26:31][com.unicom.chanyi.advisor.CollectThread]{disk={dskAvail=739435900, dskUsed=80663580, dskTotal=864012080, dskPercent=9, dskIndex=4, dskPath=/var/lib/docker, dskDevice=/dev/mapper/dockervg-lv002}}
[INFO] [2017-05-16 18:26:31][com.unicom.chanyi.advisor.CollectThread]{disk={dskAvail=2147483647, dskUsed=102897360, dskTotal=2147483647, dskPercent=1, dskIndex=5, dskPath=/log, dskDevice=/dev/mapper/logvg-lv_log}}
[INFO] [2017-05-16 18:26:31][com.unicom.chanyi.advisor.CollectThread]{network={ifOutOctets=1010577445, ifInUcastPkts=39127878, ifOutUcastPkts=39127878, ifInOctets=1010577445, ifDescr=lo}}
[INFO] [2017-05-16 18:26:31][com.unicom.chanyi.advisor.CollectThread]{network={ifOutOctets=0, ifInUcastPkts=0, ifOutUcastPkts=0, ifInOctets=0, ifDescr=enp129s0f0}}
[INFO] [2017-05-16 18:26:31][com.unicom.chanyi.advisor.CollectThread]{network={ifOutOctets=0, ifInUcastPkts=0, ifOutUcastPkts=0, ifInOctets=0, ifDescr=enp129s0f1}}
[INFO] [2017-05-16 18:26:31][com.unicom.chanyi.advisor.CollectThread]{network={ifOutOctets=2224207911, ifInUcastPkts=3544208194, ifOutUcastPkts=4038125454, ifInOctets=2864321422, ifDescr=enp2s0f0}}
[INFO] [2017-05-16 18:26:31][com.unicom.chanyi.advisor.CollectThread]{network={ifOutOctets=0, ifInUcastPkts=144835540, ifOutUcastPkts=0, ifInOctets=2864583552, ifDescr=enp2s0f1}}
[INFO] [2017-05-16 18:26:31][com.unicom.chanyi.advisor.CollectThread]-------------------
[INFO] [2017-05-16 18:26:36][com.unicom.chanyi.advisor.CollectThread]{mem={memShared=873732, memBuffer=2814392, memTotalReal=131464304, memAvailReal=35677004, memCached=63340928, memAvailSwap=10781708, memTotalFree=46458712, memTotalSwap=13421564}, cpu={ssCpuRawSystem=319573757, ssCpuRawWait=22395514, ssCpuRawKernel=0, ssCpuIdle=99, ssCpuRawIdle=3869137995, ssCpuSystem=0, ssCpuRawInterrupt=0, ssCpuUser=0, ssCpuRawUser=183592567, ssCpuRawNice=57669}}
[INFO] [2017-05-16 18:26:37][com.unicom.chanyi.advisor.CollectThread]{disk={dskAvail=205689940, dskUsed=56428460, dskTotal=262118400, dskPercent=22, dskIndex=1, dskPath=/, dskDevice=/dev/mapper/VolGroup00-LogVol01}}
[INFO] [2017-05-16 18:26:37][com.unicom.chanyi.advisor.CollectThread]{disk={dskAvail=205689940, dskUsed=56428460, dskTotal=262118400, dskPercent=22, dskIndex=2, dskPath=/, dskDevice=/dev/mapper/VolGroup00-LogVol01}}
[INFO] [2017-05-16 18:26:37][com.unicom.chanyi.advisor.CollectThread]{disk={dskAvail=2147483647, dskUsed=14013500, dskTotal=2147483647, dskPercent=1, dskIndex=3, dskPath=/cbss, dskDevice=/dev/mapper/datavg-lv01}}
[INFO] [2017-05-16 18:26:37][com.unicom.chanyi.advisor.CollectThread]{disk={dskAvail=739435892, dskUsed=80663588, dskTotal=864012080, dskPercent=9, dskIndex=4, dskPath=/var/lib/docker, dskDevice=/dev/mapper/dockervg-lv002}}
[INFO] [2017-05-16 18:26:37][com.unicom.chanyi.advisor.CollectThread]{disk={dskAvail=2147483647, dskUsed=102897360, dskTotal=2147483647, dskPercent=1, dskIndex=5, dskPath=/log, dskDevice=/dev/mapper/logvg-lv_log}}
[INFO] [2017-05-16 18:26:37][com.unicom.chanyi.advisor.CollectThread]{network={ifOutOctets=1010577445, ifInUcastPkts=39127878, ifOutUcastPkts=39127878, ifInOctets=1010577445, ifDescr=lo}}
[INFO] [2017-05-16 18:26:37][com.unicom.chanyi.advisor.CollectThread]{network={ifOutOctets=0, ifInUcastPkts=0, ifOutUcastPkts=0, ifInOctets=0, ifDescr=enp129s0f0}}
[INFO] [2017-05-16 18:26:37][com.unicom.chanyi.advisor.CollectThread]{network={ifOutOctets=0, ifInUcastPkts=0, ifOutUcastPkts=0, ifInOctets=0, ifDescr=enp129s0f1}}
[INFO] [2017-05-16 18:26:37][com.unicom.chanyi.advisor.CollectThread]{network={ifOutOctets=2224226931, ifInUcastPkts=3544208529, ifOutUcastPkts=4038125562, ifInOctets=2864363788, ifDescr=enp2s0f0}}
[INFO] [2017-05-16 18:26:37][com.unicom.chanyi.advisor.CollectThread]{network={ifOutOctets=0, ifInUcastPkts=144835771, ifOutUcastPkts=0, ifInOctets=2864603118, ifDescr=enp2s0f1}}
[INFO] [2017-05-16 18:26:37][com.unicom.chanyi.advisor.CollectThread]-------------------
